<?xml version="1.0" encoding="UTF-8"?>
<testsuite name="org.example.service.impl.FlightServiceImplTest" tests="4" skipped="0" failures="0" errors="0" timestamp="2025-12-10T15:26:49" hostname="LAPTOP-QCOF072R" time="0.22">
  <properties/>
  <testcase name="testBulkCreate_successAndFail()" classname="org.example.service.impl.FlightServiceImplTest" time="0.189"/>
  <testcase name="testGetFlightById_found()" classname="org.example.service.impl.FlightServiceImplTest" time="0.006"/>
  <testcase name="testGetFlightById_notFound()" classname="org.example.service.impl.FlightServiceImplTest" time="0.003"/>
  <testcase name="testCreateFlightAndRuns_success()" classname="org.example.service.impl.FlightServiceImplTest" time="0.013"/>
  <system-out><![CDATA[]]></system-out>
  <system-err><![CDATA[]]></system-err>
</testsuite>
