<?xml version="1.0" encoding="UTF-8"?>
<testsuite name="org.example.service.impl.SearchServiceImplTest" tests="6" skipped="0" failures="0" errors="0" timestamp="2025-12-10T15:26:49" hostname="LAPTOP-QCOF072R" time="0.066">
  <properties/>
  <testcase name="testFindFlights_futureOnly()" classname="org.example.service.impl.SearchServiceImplTest" time="0.037"/>
  <testcase name="testFindFlights_noFlightsFound()" classname="org.example.service.impl.SearchServiceImplTest" time="0.006"/>
  <testcase name="testFindFlights_directOneWay()" classname="org.example.service.impl.SearchServiceImplTest" time="0.004"/>
  <testcase name="testCache_isolation()" classname="org.example.service.impl.SearchServiceImplTest" time="0.005"/>
  <testcase name="testFindFlights_indirectPath()" classname="org.example.service.impl.SearchServiceImplTest" time="0.003"/>
  <testcase name="testFindFlights_excludeZeroSeats()" classname="org.example.service.impl.SearchServiceImplTest" time="0.004"/>
  <system-out><![CDATA[20:56:49.768 [Test worker] INFO org.example.service.impl.SearchServiceImpl -- Search cache refreshed: days=2, totalRuns=2
20:56:49.794 [Test worker] INFO org.example.service.impl.SearchServiceImpl -- Search cache refreshed: days=0, totalRuns=0
20:56:49.801 [Test worker] INFO org.example.service.impl.SearchServiceImpl -- Search cache refreshed: days=1, totalRuns=1
20:56:49.806 [Test worker] INFO org.example.service.impl.SearchServiceImpl -- Search cache refreshed: days=1, totalRuns=1
20:56:49.812 [Test worker] INFO org.example.service.impl.SearchServiceImpl -- Search cache refreshed: days=1, totalRuns=2
20:56:49.817 [Test worker] INFO org.example.service.impl.SearchServiceImpl -- Search cache refreshed: days=0, totalRuns=0
]]></system-out>
  <system-err><![CDATA[]]></system-err>
</testsuite>
