<?xml version="1.0" encoding="UTF-8"?>
<testsuite name="org.example.service.impl.BookingServiceImplTest" tests="7" skipped="0" failures="0" errors="0" timestamp="2025-12-10T15:26:47" hostname="LAPTOP-QCOF072R" time="2.341">
  <properties/>
  <testcase name="testGetBookingsByUserId()" classname="org.example.service.impl.BookingServiceImplTest" time="2.269"/>
  <testcase name="testBookSeatsWithRetry_succeedsOnSecondTry()" classname="org.example.service.impl.BookingServiceImplTest" time="0.023"/>
  <testcase name="testBookSeats_success()" classname="org.example.service.impl.BookingServiceImplTest" time="0.022"/>
  <testcase name="testGetBookingById_notFound()" classname="org.example.service.impl.BookingServiceImplTest" time="0.005"/>
  <testcase name="testBookSeats_tooManyRetries()" classname="org.example.service.impl.BookingServiceImplTest" time="0.005"/>
  <testcase name="testGetBookingById_found()" classname="org.example.service.impl.BookingServiceImplTest" time="0.003"/>
  <testcase name="testBookSeats_insufficientSeats()" classname="org.example.service.impl.BookingServiceImplTest" time="0.004"/>
  <system-out><![CDATA[]]></system-out>
  <system-err><![CDATA[]]></system-err>
</testsuite>
